<?xml version="1.0" encoding="UTF-8"?>
<!-- Generated by org.testng.reporters.JUnitXMLReporter -->
<testsuite hostname="LTIN300090" ignored="0" name="Test" tests="2" failures="1" timestamp="11 Feb 2024 15:03:49 GMT" time="27.073" errors="0">
  <testcase name="ErrorValidation" time="0.506" classname="Selenium.Test.errorValidationTest">
    <skipped/>
  </testcase> <!-- ErrorValidation -->
  <testcase name="ErrorValidation" time="0.748" classname="Selenium.Test.errorValidationTest">
    <failure type="java.lang.AssertionError" message="expected [true] but found [false]">
      <![CDATA[java.lang.AssertionError: expected [true] but found [false]
at Selenium.Test.errorValidationTest.ErrorValidation(errorValidationTest.java:41)
... Removed 29 stack frames]]>
    </failure>
  </testcase> <!-- ErrorValidation -->
</testsuite> <!-- Test -->
